2026-03-13 14:23:50 [INFO] ==================================================
2026-03-13 14:23:50 [INFO] CLAIM CHECK - listing redeemable positions
2026-03-13 14:23:50 [INFO] ==================================================
2026-03-13 14:23:51 [INFO] HTTP Request: GET https://data-api.polymarket.com/positions?user=0x146c795A032a01B8f9E872C7680a157Eb17e31EE&redeemable=true&limit=100&offset=0&sizeThreshold=0 "HTTP/1.1 200 OK"
2026-03-13 14:23:51 [INFO] Found 5 claimable position(s):
2026-03-13 14:23:51 [INFO]   $0.00  Bitcoin Up or Down - March 13, 9:05AM-9:10AM ET [Up]  neg_risk=False  condition=0x62b5c93382829f81...
2026-03-13 14:23:51 [INFO]   $0.00  Bitcoin Up or Down - March 13, 9:15AM-9:20AM ET [Down]  neg_risk=False  condition=0xac03073b4764fc49...
2026-03-13 14:23:51 [INFO]   $0.01  Celtics vs. Thunder [Thunder]  neg_risk=False  condition=0x5d0a97c53bc0bb97...
2026-03-13 14:23:51 [INFO]   $0.01  Will the price of Bitcoin be above $70,000 on March 12? [Yes]  neg_risk=False  condition=0xf2cb0a801b4240cb...
2026-03-13 14:23:51 [INFO]   $0.00  Bitcoin Up or Down - March 12, 7:45PM-7:50PM ET [Down]  neg_risk=False  condition=0x96a2383c4f49cd0f...
2026-03-13 14:23:51 [INFO] Total claimable: $0.02
2026-03-13 14:24:17 [INFO] ==================================================
2026-03-13 14:24:17 [INFO] CLAIM CHECK - listing redeemable positions
2026-03-13 14:24:17 [INFO] ==================================================
2026-03-13 14:24:17 [INFO] HTTP Request: GET https://data-api.polymarket.com/positions?user=0x146c795A032a01B8f9E872C7680a157Eb17e31EE&redeemable=true&limit=100&offset=0&sizeThreshold=0 "HTTP/1.1 200 OK"
2026-03-13 14:24:17 [INFO] Found 5 claimable position(s):
2026-03-13 14:24:17 [INFO]   $0.00  Bitcoin Up or Down - March 13, 9:05AM-9:10AM ET [Up]  neg_risk=False  condition=0x62b5c93382829f81...
2026-03-13 14:24:17 [INFO]   $0.00  Bitcoin Up or Down - March 13, 9:15AM-9:20AM ET [Down]  neg_risk=False  condition=0xac03073b4764fc49...
2026-03-13 14:24:17 [INFO]   $0.01  Celtics vs. Thunder [Thunder]  neg_risk=False  condition=0x5d0a97c53bc0bb97...
2026-03-13 14:24:17 [INFO]   $0.01  Will the price of Bitcoin be above $70,000 on March 12? [Yes]  neg_risk=False  condition=0xf2cb0a801b4240cb...
2026-03-13 14:24:17 [INFO]   $0.00  Bitcoin Up or Down - March 12, 7:45PM-7:50PM ET [Down]  neg_risk=False  condition=0x96a2383c4f49cd0f...
2026-03-13 14:24:17 [INFO] Total claimable: $0.02
2026-03-13 14:25:31 [INFO] ==================================================
2026-03-13 14:25:31 [INFO] CLAIM CHECK - listing redeemable positions
2026-03-13 14:25:31 [INFO] ==================================================
2026-03-13 14:25:31 [INFO] HTTP Request: GET https://data-api.polymarket.com/positions?user=0x146c795A032a01B8f9E872C7680a157Eb17e31EE&redeemable=true&limit=100&offset=0&sizeThreshold=0 "HTTP/1.1 200 OK"
2026-03-13 14:25:31 [INFO] Found 5 claimable position(s):
2026-03-13 14:25:31 [INFO]   $0.00  Bitcoin Up or Down - March 13, 9:05AM-9:10AM ET [Up]  neg_risk=False  condition=0x62b5c93382829f81...
2026-03-13 14:25:31 [INFO]   $0.00  Bitcoin Up or Down - March 13, 9:15AM-9:20AM ET [Down]  neg_risk=False  condition=0xac03073b4764fc49...
2026-03-13 14:25:31 [INFO]   $0.01  Celtics vs. Thunder [Thunder]  neg_risk=False  condition=0x5d0a97c53bc0bb97...
2026-03-13 14:25:31 [INFO]   $0.01  Will the price of Bitcoin be above $70,000 on March 12? [Yes]  neg_risk=False  condition=0xf2cb0a801b4240cb...
2026-03-13 14:25:31 [INFO]   $0.00  Bitcoin Up or Down - March 12, 7:45PM-7:50PM ET [Down]  neg_risk=False  condition=0x96a2383c4f49cd0f...
2026-03-13 14:25:31 [INFO] Total claimable: $0.02
2026-03-13 20:20:07 [INFO] ==================================================
2026-03-13 20:20:07 [INFO] CLAIM LIVE - gasless via Polymarket relayer
2026-03-13 20:20:07 [INFO] ==================================================
2026-03-13 20:20:07 [INFO] Checking for claimable positions (wallet: 0x146c795A032a01B8f9E872C7680a157Eb17e31EE)...
2026-03-13 20:20:07 [INFO] HTTP Request: GET https://data-api.polymarket.com/positions?user=0x146c795A032a01B8f9E872C7680a157Eb17e31EE&redeemable=true&limit=100&offset=0&sizeThreshold=0 "HTTP/1.1 200 OK"
2026-03-13 20:20:07 [INFO] Found 3 claimable position(s) worth ~$0.02
2026-03-13 20:20:07 [INFO]   - Celtics vs. Thunder [Thunder] size=0.01 value=$0.01 neg_risk=False
2026-03-13 20:20:07 [INFO]   - Will the price of Bitcoin be above $70,000 on March 12? [Yes] size=0.01 value=$0.01 neg_risk=False
2026-03-13 20:20:07 [INFO]   - Bitcoin Up or Down - March 12, 7:45PM-7:50PM ET [Down] size=0.00 value=$0.00 neg_risk=False
2026-03-13 20:20:07 [INFO] Relayer client initialized, submitting gasless claims...
2026-03-13 20:20:07 [INFO] Claiming: Celtics vs. Thunder [Thunder] (conditionId: 0x5d0a97c53bc0bb97...)
2026-03-13 20:20:07 [INFO]   Submitting gasless redeem to relayer...
2026-03-13 20:20:07 [WARNING]   Claim FAILED: expected safe 0xBA2fDD171b5492c7d74E849956e68Fb093cF4B7A is not deployed
2026-03-13 20:20:07 [INFO] Claiming: Will the price of Bitcoin be above $70,000 on March 12? [Yes] (conditionId: 0xf2cb0a801b4240cb...)
2026-03-13 20:20:07 [INFO]   Submitting gasless redeem to relayer...
2026-03-13 20:20:08 [WARNING]   Claim FAILED: expected safe 0xBA2fDD171b5492c7d74E849956e68Fb093cF4B7A is not deployed
2026-03-13 20:20:08 [INFO] Claiming: Bitcoin Up or Down - March 12, 7:45PM-7:50PM ET [Down] (conditionId: 0x96a2383c4f49cd0f...)
2026-03-13 20:20:08 [INFO]   Submitting gasless redeem to relayer...
2026-03-13 20:20:08 [WARNING]   Claim FAILED: expected safe 0xBA2fDD171b5492c7d74E849956e68Fb093cF4B7A is not deployed
2026-03-13 20:20:08 [INFO] Claim complete: 0 succeeded, 3 failed
2026-03-13 20:20:08 [INFO] Summary: 0 claimed, 3 failed
2026-03-13 20:20:08 [INFO]   Celtics vs. Thunder - FAIL: expected safe 0xBA2fDD171b5492c7d74E849956e68Fb093cF4B7A is not deployed (tx: n/a)
2026-03-13 20:20:08 [INFO]   Will the price of Bitcoin be above $70,000 on March 12? - FAIL: expected safe 0xBA2fDD171b5492c7d74E849956e68Fb093cF4B7A is not deployed (tx: n/a)
2026-03-13 20:20:08 [INFO]   Bitcoin Up or Down - March 12, 7:45PM-7:50PM ET - FAIL: expected safe 0xBA2fDD171b5492c7d74E849956e68Fb093cF4B7A is not deployed (tx: n/a)
2026-03-13 20:26:29 [INFO] ==================================================
2026-03-13 20:26:29 [INFO] CLAIM LIVE - gasless via Polymarket relayer
2026-03-13 20:26:29 [INFO] ==================================================
2026-03-13 20:26:29 [INFO] Checking for claimable positions (wallet: 0x146c795A032a01B8f9E872C7680a157Eb17e31EE)...
2026-03-13 20:26:29 [INFO] HTTP Request: GET https://data-api.polymarket.com/positions?user=0x146c795A032a01B8f9E872C7680a157Eb17e31EE&redeemable=true&limit=100&offset=0&sizeThreshold=0 "HTTP/1.1 200 OK"
2026-03-13 20:26:29 [INFO] Found 3 claimable position(s) worth ~$0.02
2026-03-13 20:26:29 [INFO]   - Celtics vs. Thunder [Thunder] size=0.01 value=$0.01 neg_risk=False
2026-03-13 20:26:29 [INFO]   - Will the price of Bitcoin be above $70,000 on March 12? [Yes] size=0.01 value=$0.01 neg_risk=False
2026-03-13 20:26:29 [INFO]   - Bitcoin Up or Down - March 12, 7:45PM-7:50PM ET [Down] size=0.00 value=$0.00 neg_risk=False
2026-03-13 20:26:29 [INFO] Relayer client initialized, submitting gasless claims...
2026-03-13 20:26:29 [INFO] Claiming: Celtics vs. Thunder [Thunder] (conditionId: 0x5d0a97c53bc0bb97...)
2026-03-13 20:26:29 [INFO]   Submitting gasless redeem to relayer...
2026-03-13 20:26:34 [INFO]   Claimed OK: 0xef0ebf58cc48fda4ef6e0c9f70614e772d9360454a91be788a5bacf3d32f4c3e
2026-03-13 20:26:34 [INFO] Claiming: Will the price of Bitcoin be above $70,000 on March 12? [Yes] (conditionId: 0xf2cb0a801b4240cb...)
2026-03-13 20:26:34 [INFO]   Submitting gasless redeem to relayer...
2026-03-13 20:26:38 [INFO]   Claimed OK: 0xb38f5318405ccd8c242c9ea37c377957d3b69ec0ceb086d8b5f3955d22dff8ee
2026-03-13 20:26:38 [INFO] Claiming: Bitcoin Up or Down - March 12, 7:45PM-7:50PM ET [Down] (conditionId: 0x96a2383c4f49cd0f...)
2026-03-13 20:26:38 [INFO]   Submitting gasless redeem to relayer...
2026-03-13 20:26:46 [INFO]   Claimed OK: 0x24bae994146573ce838cabcff069d7aee343e1dd6c5d2091119d86bac4257779
2026-03-13 20:26:46 [INFO] Claim complete: 3 succeeded, 0 failed
2026-03-13 20:26:46 [INFO] Summary: 3 claimed, 0 failed
2026-03-13 20:26:46 [INFO]   Celtics vs. Thunder - OK (tx: 0xef0ebf58cc48fda4ef)
2026-03-13 20:26:46 [INFO]   Will the price of Bitcoin be above $70,000 on March 12? - OK (tx: 0xb38f5318405ccd8c24)
2026-03-13 20:26:46 [INFO]   Bitcoin Up or Down - March 12, 7:45PM-7:50PM ET - OK (tx: 0x24bae994146573ce83)
2026-03-13 20:26:56 [INFO] ==================================================
2026-03-13 20:26:56 [INFO] CLAIM CHECK - listing redeemable positions
2026-03-13 20:26:56 [INFO] ==================================================
2026-03-13 20:26:56 [INFO] HTTP Request: GET https://data-api.polymarket.com/positions?user=0x146c795A032a01B8f9E872C7680a157Eb17e31EE&redeemable=true&limit=100&offset=0&sizeThreshold=0 "HTTP/1.1 200 OK"
2026-03-13 20:26:56 [INFO] No claimable positions found.
2026-03-13 20:27:22 [INFO] ==================================================
2026-03-13 20:27:22 [INFO] CLAIM CHECK - listing redeemable positions
2026-03-13 20:27:22 [INFO] ==================================================
2026-03-13 20:27:22 [INFO] HTTP Request: GET https://data-api.polymarket.com/positions?user=0x146c795A032a01B8f9E872C7680a157Eb17e31EE&redeemable=true&limit=100&offset=0&sizeThreshold=0 "HTTP/1.1 200 OK"
2026-03-13 20:27:22 [INFO] No claimable positions found.
